<?xml version="1.0" encoding="UTF-8"?>
<testsuite name="ChattyBotTest" tests="1" skipped="0" failures="0" errors="0" timestamp="2023-07-27T11:40:06" hostname="PRIMORDIAL" time="0.274">
  <properties/>
  <testcase name="start" classname="ChattyBotTest" time="0.274"/>
  <system-out><![CDATA[?[1;31m
Start test 1?[0m
Hello! My name is Elkana.
I was created in 2023.
]]></system-out>
  <system-err><![CDATA[]]></system-err>
</testsuite>
